<?xml version="1.0" encoding="UTF-8"?>
<!-- Generated by org.testng.reporters.JUnitXMLReporter -->
<testsuite ignored="0" hostname="DESKTOP-CPFU8V3" failures="1" tests="1" name="CaseStudy_6" time="3.332" errors="0" timestamp="2021-08-09T21:44:42 IST">
  <testcase classname="com.qa.testscripts.CaseStudy6_Amazon" name="amazonApplication" time="0.25">
    <failure type="java.lang.NoClassDefFoundError" message="freemarker/template/TemplateModelException">
      <![CDATA[java.lang.NoClassDefFoundError: freemarker/template/TemplateModelException
at com.qa.testscripts.CaseStudy6_Amazon.amazonApplication(CaseStudy6_Amazon.java:39)
at java.base/java.util.ArrayList.forEach(ArrayList.java:1511)
Caused by: java.lang.ClassNotFoundException: freemarker.template.TemplateModelException
at java.base/jdk.internal.loader.BuiltinClassLoader.loadClass(BuiltinClassLoader.java:606)
at java.base/jdk.internal.loader.ClassLoaders$AppClassLoader.loadClass(ClassLoaders.java:168)
at java.base/java.lang.ClassLoader.loadClass(ClassLoader.java:522)
... 29 more
... Removed 27 stack frames]]>
    </failure>
  </testcase> <!-- amazonApplication -->
</testsuite> <!-- CaseStudy_6 -->
